# JRE version: OpenJDK Runtime Environment Corretto-17.0.4.9.1 (17.0.4.1+9) (build 17.0.4.1+9-LTS)
# Java VM: OpenJDK 64-Bit Server VM Corretto-17.0.4.9.1 (17.0.4.1+9-LTS, mixed mode, emulated-client, sharing, tiered, compressed oops, compressed class ptrs, g1 gc, windows-amd64)
GC Precious Log:
 CPUs: 8 total, 8 available
 Memory: 16057M
 Large Page Support: Disabled
 NUMA Support: Disabled
 Compressed Oops: Enabled (Zero based)
 Heap Region Size: 2M
 Heap Min Capacity: 8M
 Heap Initial Capacity: 252M
 Heap Max Capacity: 4016M
 Pre-touch: Disabled
 Parallel Workers: 8
 Concurrent Workers: 2
 Concurrent Refinement Workers: 8
 Periodic GC: Disabled
Heap:
 garbage-first heap   total 55296K, used 26146K [0x0000000705000000, 0x0000000800000000)
  region size 2048K, 8 young (16384K), 2 survivors (4096K)
 Metaspace       used 33448K, committed 34176K, reserved 1081344K
  class space    used 4603K, committed 4864K, reserved 1048576K
GC Heap History (20 events):
Event: 3504.946 GC heap before
{Heap before GC invocations=16 (full 1):
 garbage-first heap   total 49152K, used 28761K [0x0000000705000000, 0x0000000800000000)
  region size 2048K, 9 young (18432K), 2 survivors (4096K)
 Metaspace       used 33436K, committed 34176K, reserved 1081344K
  class space    used 4600K, committed 4864K, reserved 1048576K
}
Event: 3504.990 GC heap after
{Heap after GC invocations=17 (full 2):
 garbage-first heap   total 49152K, used 14642K [0x0000000705000000, 0x0000000800000000)
  region size 2048K, 0 young (0K), 0 survivors (0K)
 Metaspace       used 33389K, committed 34176K, reserved 1081344K
  class space    used 4588K, committed 4864K, reserved 1048576K
}
Event: 3505.328 GC heap before
{Heap before GC invocations=17 (full 2):
 garbage-first heap   total 49152K, used 35122K [0x0000000705000000, 0x0000000800000000)
  region size 2048K, 10 young (20480K), 0 survivors (0K)
 Metaspace       used 33410K, committed 34176K, reserved 1081344K
  class space    used 4592K, committed 4864K, reserved 1048576K
}
Event: 3505.330 GC heap after
{Heap after GC invocations=18 (full 2):
 garbage-first heap   total 153600K, used 16611K [0x0000000705000000, 0x0000000800000000)
  region size 2048K, 1 young (2048K), 1 survivors (2048K)
 Metaspace       used 33410K, committed 34176K, reserved 1081344K
  class space    used 4592K, committed 4864K, reserved 1048576K
}
Event: 3545.858 GC heap before
{Heap before GC invocations=18 (full 2):
 garbage-first heap   total 153600K, used 32995K [0x0000000705000000, 0x0000000800000000)
  region size 2048K, 10 young (20480K), 1 survivors (2048K)
 Metaspace       used 33413K, committed 34176K, reserved 1081344K
  class space    used 4592K, committed 4864K, reserved 1048576K
}
Event: 3545.878 GC heap after
{Heap after GC invocations=19 (full 3):
 garbage-first heap   total 61440K, used 14762K [0x0000000705000000, 0x0000000800000000)
  region size 2048K, 0 young (0K), 0 survivors (0K)
 Metaspace       used 33411K, committed 34176K, reserved 1081344K
  class space    used 4592K, committed 4864K, reserved 1048576K
}
Event: 3546.211 GC heap before
{Heap before GC invocations=19 (full 3):
 garbage-first heap   total 61440K, used 41386K [0x0000000705000000, 0x0000000800000000)
  region size 2048K, 14 young (28672K), 0 survivors (0K)
 Metaspace       used 33433K, committed 34176K, reserved 1081344K
  class space    used 4597K, committed 4864K, reserved 1048576K
}
Event: 3546.213 GC heap after
{Heap after GC invocations=20 (full 3):
 garbage-first heap   total 61440K, used 17382K [0x0000000705000000, 0x0000000800000000)
  region size 2048K, 2 young (4096K), 2 survivors (4096K)
 Metaspace       used 33433K, committed 34176K, reserved 1081344K
  class space    used 4597K, committed 4864K, reserved 1048576K
}
Event: 3569.442 GC heap before
{Heap before GC invocations=20 (full 3):
 garbage-first heap   total 61440K, used 21478K [0x0000000705000000, 0x0000000800000000)
  region size 2048K, 5 young (10240K), 2 survivors (4096K)
 Metaspace       used 33436K, committed 34176K, reserved 1081344K
  class space    used 4597K, committed 4864K, reserved 1048576K
}
Event: 3569.480 GC heap after
{Heap after GC invocations=21 (full 4):
 garbage-first heap   total 55296K, used 14765K [0x0000000705000000, 0x0000000800000000)
  region size 2048K, 0 young (0K), 0 survivors (0K)
 Metaspace       used 33415K, committed 34176K, reserved 1081344K
  class space    used 4594K, committed 4864K, reserved 1048576K
}
Event: 3570.044 GC heap before
{Heap before GC invocations=21 (full 4):
 garbage-first heap   total 55296K, used 39341K [0x0000000705000000, 0x0000000800000000)
  region size 2048K, 12 young (24576K), 0 survivors (0K)
 Metaspace       used 33456K, committed 34176K, reserved 1081344K
  class space    used 4601K, committed 4864K, reserved 1048576K
}
Event: 3570.046 GC heap after
{Heap after GC invocations=22 (full 4):
 garbage-first heap   total 55296K, used 16889K [0x0000000705000000, 0x0000000800000000)
  region size 2048K, 2 young (4096K), 2 survivors (4096K)
 Metaspace       used 33456K, committed 34176K, reserved 1081344K
  class space    used 4601K, committed 4864K, reserved 1048576K
}
Event: 4310.085 GC heap before
{Heap before GC invocations=22 (full 4):
 garbage-first heap   total 55296K, used 39417K [0x0000000705000000, 0x0000000800000000)
  region size 2048K, 13 young (26624K), 2 survivors (4096K)
 Metaspace       used 33467K, committed 34176K, reserved 1081344K
  class space    used 4602K, committed 4864K, reserved 1048576K
}
Event: 4310.087 GC heap after
{Heap after GC invocations=23 (full 4):
 garbage-first heap   total 55296K, used 17324K [0x0000000705000000, 0x0000000800000000)
  region size 2048K, 2 young (4096K), 2 survivors (4096K)
 Metaspace       used 33467K, committed 34176K, reserved 1081344K
  class space    used 4602K, committed 4864K, reserved 1048576K
}
Event: 5549.281 GC heap before
{Heap before GC invocations=23 (full 4):
 garbage-first heap   total 55296K, used 39852K [0x0000000705000000, 0x0000000800000000)
  region size 2048K, 13 young (26624K), 2 survivors (4096K)
 Metaspace       used 33468K, committed 34176K, reserved 1081344K
  class space    used 4603K, committed 4864K, reserved 1048576K
}
Event: 5549.283 GC heap after
{Heap after GC invocations=24 (full 4):
 garbage-first heap   total 55296K, used 16909K [0x0000000705000000, 0x0000000800000000)
  region size 2048K, 1 young (2048K), 1 survivors (2048K)
 Metaspace       used 33468K, committed 34176K, reserved 1081344K
  class space    used 4603K, committed 4864K, reserved 1048576K
}
Event: 5992.288 GC heap before
{Heap before GC invocations=24 (full 4):
 garbage-first heap   total 55296K, used 25101K [0x0000000705000000, 0x0000000800000000)
  region size 2048K, 6 young (12288K), 1 survivors (2048K)
 Metaspace       used 33471K, committed 34176K, reserved 1081344K
  class space    used 4603K, committed 4864K, reserved 1048576K
}
Event: 5992.336 GC heap after
{Heap after GC invocations=25 (full 5):
 garbage-first heap   total 55296K, used 13002K [0x0000000705000000, 0x0000000800000000)
  region size 2048K, 0 young (0K), 0 survivors (0K)
 Metaspace       used 33379K, committed 34176K, reserved 1081344K
  class space    used 4588K, committed 4864K, reserved 1048576K
}
Event: 5992.939 GC heap before
{Heap before GC invocations=25 (full 5):
 garbage-first heap   total 55296K, used 39626K [0x0000000705000000, 0x0000000800000000)
  region size 2048K, 13 young (26624K), 0 survivors (0K)
 Metaspace       used 33406K, committed 34176K, reserved 1081344K
  class space    used 4592K, committed 4864K, reserved 1048576K
}
Event: 5992.945 GC heap after
{Heap after GC invocations=26 (full 5):
 garbage-first heap   total 55296K, used 15906K [0x0000000705000000, 0x0000000800000000)
  region size 2048K, 2 young (4096K), 2 survivors (4096K)
 Metaspace       used 33406K, committed 34176K, reserved 1081344K
  class space    used 4592K, committed 4864K, reserved 1048576K
}

