# JRE version: OpenJDK Runtime Environment Corretto-11.0.22.7.1 (11.0.22+7) (build 11.0.22+7-LTS)
# Java VM: OpenJDK 64-Bit Server VM Corretto-11.0.22.7.1 (11.0.22+7-LTS, mixed mode, tiered, compressed oops, g1 gc, windows-amd64)
Heap:
 garbage-first heap   total 262144K, used 175991K [0x00000000e0000000, 0x0000000100000000)
  region size 1024K, 54 young (55296K), 6 survivors (6144K)
 Metaspace       used 110383K, capacity 114153K, committed 114560K, reserved 485376K
  class space    used 13486K, capacity 14864K, committed 14976K, reserved 385024K
GC Heap History (20 events):
Event: 147.264 GC heap before
{Heap before GC invocations=20 (full 0):
 garbage-first heap   total 262144K, used 217128K [0x00000000e0000000, 0x0000000100000000)
  region size 1024K, 109 young (111616K), 10 survivors (10240K)
 Metaspace       used 91424K, capacity 95037K, committed 95232K, reserved 468992K
  class space    used 11458K, capacity 12765K, committed 12800K, reserved 385024K
}
Event: 147.271 GC heap after
{Heap after GC invocations=21 (full 0):
 garbage-first heap   total 262144K, used 117130K [0x00000000e0000000, 0x0000000100000000)
  region size 1024K, 10 young (10240K), 10 survivors (10240K)
 Metaspace       used 91424K, capacity 95037K, committed 95232K, reserved 468992K
  class space    used 11458K, capacity 12765K, committed 12800K, reserved 385024K
}
Event: 172.086 GC heap before
{Heap before GC invocations=21 (full 0):
 garbage-first heap   total 262144K, used 216458K [0x00000000e0000000, 0x0000000100000000)
  region size 1024K, 108 young (110592K), 10 survivors (10240K)
 Metaspace       used 94375K, capacity 98105K, committed 98176K, reserved 471040K
  class space    used 11818K, capacity 13127K, committed 13184K, reserved 385024K
}
Event: 172.096 GC heap after
{Heap after GC invocations=22 (full 0):
 garbage-first heap   total 262144K, used 124611K [0x00000000e0000000, 0x0000000100000000)
  region size 1024K, 14 young (14336K), 14 survivors (14336K)
 Metaspace       used 94375K, capacity 98105K, committed 98176K, reserved 471040K
  class space    used 11818K, capacity 13127K, committed 13184K, reserved 385024K
}
Event: 642.967 GC heap before
{Heap before GC invocations=22 (full 0):
 garbage-first heap   total 262144K, used 216771K [0x00000000e0000000, 0x0000000100000000)
  region size 1024K, 105 young (107520K), 14 survivors (14336K)
 Metaspace       used 96828K, capacity 100961K, committed 101120K, reserved 473088K
  class space    used 12100K, capacity 13543K, committed 13568K, reserved 385024K
}
Event: 642.980 GC heap after
{Heap after GC invocations=23 (full 0):
 garbage-first heap   total 262144K, used 131885K [0x00000000e0000000, 0x0000000100000000)
  region size 1024K, 8 young (8192K), 8 survivors (8192K)
 Metaspace       used 96828K, capacity 100961K, committed 101120K, reserved 473088K
  class space    used 12100K, capacity 13543K, committed 13568K, reserved 385024K
}
Event: 643.634 GC heap before
{Heap before GC invocations=23 (full 0):
 garbage-first heap   total 262144K, used 185133K [0x00000000e0000000, 0x0000000100000000)
  region size 1024K, 62 young (63488K), 8 survivors (8192K)
 Metaspace       used 97607K, capacity 101731K, committed 102016K, reserved 475136K
  class space    used 12154K, capacity 13581K, committed 13696K, reserved 385024K
}
Event: 643.654 GC heap after
{Heap after GC invocations=24 (full 0):
 garbage-first heap   total 262144K, used 133870K [0x00000000e0000000, 0x0000000100000000)
  region size 1024K, 4 young (4096K), 4 survivors (4096K)
 Metaspace       used 97607K, capacity 101731K, committed 102016K, reserved 475136K
  class space    used 12154K, capacity 13581K, committed 13696K, reserved 385024K
}
Event: 644.297 GC heap before
{Heap before GC invocations=25 (full 0):
 garbage-first heap   total 262144K, used 222958K [0x00000000e0000000, 0x0000000100000000)
  region size 1024K, 89 young (91136K), 4 survivors (4096K)
 Metaspace       used 99461K, capacity 103065K, committed 104448K, reserved 477184K
  class space    used 12174K, capacity 13420K, committed 13824K, reserved 385024K
}
Event: 644.304 GC heap after
{Heap after GC invocations=26 (full 0):
 garbage-first heap   total 262144K, used 138554K [0x00000000e0000000, 0x0000000100000000)
  region size 1024K, 9 young (9216K), 9 survivors (9216K)
 Metaspace       used 99461K, capacity 103065K, committed 104448K, reserved 477184K
  class space    used 12174K, capacity 13420K, committed 13824K, reserved 385024K
}
Event: 695.646 GC heap before
{Heap before GC invocations=26 (full 0):
 garbage-first heap   total 262144K, used 141626K [0x00000000e0000000, 0x0000000100000000)
  region size 1024K, 12 young (12288K), 9 survivors (9216K)
 Metaspace       used 99563K, capacity 103181K, committed 104448K, reserved 477184K
  class space    used 12185K, capacity 13439K, committed 13824K, reserved 385024K
}
Event: 695.653 GC heap after
{Heap after GC invocations=27 (full 0):
 garbage-first heap   total 262144K, used 129278K [0x00000000e0000000, 0x0000000100000000)
  region size 1024K, 2 young (2048K), 2 survivors (2048K)
 Metaspace       used 99563K, capacity 103181K, committed 104448K, reserved 477184K
  class space    used 12185K, capacity 13439K, committed 13824K, reserved 385024K
}
Event: 776.889 GC heap before
{Heap before GC invocations=27 (full 0):
 garbage-first heap   total 262144K, used 217342K [0x00000000e0000000, 0x0000000100000000)
  region size 1024K, 89 young (91136K), 2 survivors (2048K)
 Metaspace       used 100886K, capacity 104731K, committed 105600K, reserved 477184K
  class space    used 12357K, capacity 13688K, committed 13952K, reserved 385024K
}
Event: 776.903 GC heap after
{Heap after GC invocations=28 (full 0):
 garbage-first heap   total 262144K, used 134146K [0x00000000e0000000, 0x0000000100000000)
  region size 1024K, 7 young (7168K), 7 survivors (7168K)
 Metaspace       used 100886K, capacity 104731K, committed 105600K, reserved 477184K
  class space    used 12357K, capacity 13688K, committed 13952K, reserved 385024K
}
Event: 800.578 GC heap before
{Heap before GC invocations=29 (full 0):
 garbage-first heap   total 262144K, used 216066K [0x00000000e0000000, 0x0000000100000000)
  region size 1024K, 89 young (91136K), 7 survivors (7168K)
 Metaspace       used 108774K, capacity 112662K, committed 112896K, reserved 483328K
  class space    used 13352K, capacity 14764K, committed 14848K, reserved 385024K
}
Event: 800.587 GC heap after
{Heap after GC invocations=30 (full 0):
 garbage-first heap   total 262144K, used 136339K [0x00000000e0000000, 0x0000000100000000)
  region size 1024K, 10 young (10240K), 10 survivors (10240K)
 Metaspace       used 108774K, capacity 112662K, committed 112896K, reserved 483328K
  class space    used 13352K, capacity 14764K, committed 14848K, reserved 385024K
}
Event: 800.619 GC heap before
{Heap before GC invocations=30 (full 0):
 garbage-first heap   total 262144K, used 138387K [0x00000000e0000000, 0x0000000100000000)
  region size 1024K, 12 young (12288K), 10 survivors (10240K)
 Metaspace       used 108788K, capacity 112663K, committed 112896K, reserved 483328K
  class space    used 13352K, capacity 14764K, committed 14848K, reserved 385024K
}
Event: 800.631 GC heap after
{Heap after GC invocations=31 (full 0):
 garbage-first heap   total 262144K, used 123740K [0x00000000e0000000, 0x0000000100000000)
  region size 1024K, 1 young (1024K), 1 survivors (1024K)
 Metaspace       used 108788K, capacity 112663K, committed 112896K, reserved 483328K
  class space    used 13352K, capacity 14764K, committed 14848K, reserved 385024K
}
Event: 802.233 GC heap before
{Heap before GC invocations=31 (full 0):
 garbage-first heap   total 262144K, used 216924K [0x00000000e0000000, 0x0000000100000000)
  region size 1024K, 92 young (94208K), 1 survivors (1024K)
 Metaspace       used 110383K, capacity 114295K, committed 114560K, reserved 485376K
  class space    used 13500K, capacity 14884K, committed 14976K, reserved 385024K
}
Event: 802.242 GC heap after
{Heap after GC invocations=32 (full 0):
 garbage-first heap   total 262144K, used 128887K [0x00000000e0000000, 0x0000000100000000)
  region size 1024K, 6 young (6144K), 6 survivors (6144K)
 Metaspace       used 110383K, capacity 114295K, committed 114560K, reserved 485376K
  class space    used 13500K, capacity 14884K, committed 14976K, reserved 385024K
}

