# JRE version: Java(TM) SE Runtime Environment 18.9 (11.0.13+10) (build 11.0.13+10-LTS-370)
# Java VM: Java HotSpot(TM) 64-Bit Server VM 18.9 (11.0.13+10-LTS-370, mixed mode, tiered, compressed oops, g1 gc, windows-amd64)
Heap:
 garbage-first heap   total 262144K, used 37585K [0x00000000e0000000, 0x0000000100000000)
  region size 1024K, 22 young (22528K), 7 survivors (7168K)
 Metaspace       used 38618K, capacity 39578K, committed 39676K, reserved 419840K
  class space    used 5034K, capacity 5397K, committed 5452K, reserved 385024K
GC Heap History (10 events):
Event: 0.863 GC heap before
{Heap before GC invocations=1 (full 0):
 garbage-first heap   total 262144K, used 33187K [0x00000000e0000000, 0x0000000100000000)
  region size 1024K, 25 young (25600K), 3 survivors (3072K)
 Metaspace       used 11283K, capacity 11538K, committed 11776K, reserved 397312K
  class space    used 1179K, capacity 1251K, committed 1280K, reserved 385024K
}
Event: 0.865 GC heap after
{Heap after GC invocations=2 (full 0):
 garbage-first heap   total 262144K, used 11531K [0x00000000e0000000, 0x0000000100000000)
  region size 1024K, 1 young (1024K), 1 survivors (1024K)
 Metaspace       used 11283K, capacity 11538K, committed 11776K, reserved 397312K
  class space    used 1179K, capacity 1251K, committed 1280K, reserved 385024K
}
Event: 1.346 GC heap before
{Heap before GC invocations=2 (full 0):
 garbage-first heap   total 262144K, used 68875K [0x00000000e0000000, 0x0000000100000000)
  region size 1024K, 57 young (58368K), 1 survivors (1024K)
 Metaspace       used 15217K, capacity 15623K, committed 15744K, reserved 399360K
  class space    used 1737K, capacity 1870K, committed 1920K, reserved 385024K
}
Event: 1.349 GC heap after
{Heap after GC invocations=3 (full 0):
 garbage-first heap   total 262144K, used 17132K [0x00000000e0000000, 0x0000000100000000)
  region size 1024K, 7 young (7168K), 7 survivors (7168K)
 Metaspace       used 15217K, capacity 15623K, committed 15744K, reserved 399360K
  class space    used 1737K, capacity 1870K, committed 1920K, reserved 385024K
}
Event: 7.054 GC heap before
{Heap before GC invocations=3 (full 0):
 garbage-first heap   total 262144K, used 47852K [0x00000000e0000000, 0x0000000100000000)
  region size 1024K, 38 young (38912K), 7 survivors (7168K)
 Metaspace       used 20680K, capacity 21167K, committed 21296K, reserved 405504K
  class space    used 2491K, capacity 2665K, committed 2688K, reserved 385024K
}
Event: 7.059 GC heap after
{Heap after GC invocations=4 (full 0):
 garbage-first heap   total 262144K, used 18779K [0x00000000e0000000, 0x0000000100000000)
  region size 1024K, 2 young (2048K), 2 survivors (2048K)
 Metaspace       used 20680K, capacity 21167K, committed 21296K, reserved 405504K
  class space    used 2491K, capacity 2665K, committed 2688K, reserved 385024K
}
Event: 7.873 GC heap before
{Heap before GC invocations=5 (full 0):
 garbage-first heap   total 262144K, used 112987K [0x00000000e0000000, 0x0000000100000000)
  region size 1024K, 94 young (96256K), 2 survivors (2048K)
 Metaspace       used 28562K, capacity 29255K, committed 29308K, reserved 411648K
  class space    used 3746K, capacity 4032K, committed 4044K, reserved 385024K
}
Event: 7.878 GC heap after
{Heap after GC invocations=6 (full 0):
 garbage-first heap   total 262144K, used 21678K [0x00000000e0000000, 0x0000000100000000)
  region size 1024K, 5 young (5120K), 5 survivors (5120K)
 Metaspace       used 28562K, capacity 29255K, committed 29308K, reserved 411648K
  class space    used 3746K, capacity 4032K, committed 4044K, reserved 385024K
}
Event: 8.370 GC heap before
{Heap before GC invocations=6 (full 0):
 garbage-first heap   total 262144K, used 87214K [0x00000000e0000000, 0x0000000100000000)
  region size 1024K, 70 young (71680K), 5 survivors (5120K)
 Metaspace       used 34947K, capacity 35818K, committed 35964K, reserved 417792K
  class space    used 4638K, capacity 4970K, committed 5068K, reserved 385024K
}
Event: 8.374 GC heap after
{Heap after GC invocations=7 (full 0):
 garbage-first heap   total 262144K, used 24273K [0x00000000e0000000, 0x0000000100000000)
  region size 1024K, 7 young (7168K), 7 survivors (7168K)
 Metaspace       used 34947K, capacity 35818K, committed 35964K, reserved 417792K
  class space    used 4638K, capacity 4970K, committed 5068K, reserved 385024K
}

