# JRE version: Java(TM) SE Runtime Environment 18.9 (11.0.13+10) (build 11.0.13+10-LTS-370)
# Java VM: Java HotSpot(TM) 64-Bit Server VM 18.9 (11.0.13+10-LTS-370, mixed mode, tiered, compressed oops, g1 gc, windows-amd64)
Heap:
 garbage-first heap   total 262144K, used 166119K [0x00000000e0000000, 0x0000000100000000)
  region size 1024K, 147 young (150528K), 14 survivors (14336K)
 Metaspace       used 53313K, capacity 55145K, committed 55196K, reserved 434176K
  class space    used 6935K, capacity 7632K, committed 7660K, reserved 385024K
GC Heap History (10 events):
Event: 0.544 GC heap before
{Heap before GC invocations=0 (full 0):
 garbage-first heap   total 262144K, used 27648K [0x00000000e0000000, 0x0000000100000000)
  region size 1024K, 24 young (24576K), 0 survivors (0K)
 Metaspace       used 9648K, capacity 9909K, committed 10112K, reserved 395264K
  class space    used 961K, capacity 1049K, committed 1152K, reserved 385024K
}
Event: 0.548 GC heap after
{Heap after GC invocations=1 (full 0):
 garbage-first heap   total 262144K, used 10689K [0x00000000e0000000, 0x0000000100000000)
  region size 1024K, 3 young (3072K), 3 survivors (3072K)
 Metaspace       used 9648K, capacity 9909K, committed 10112K, reserved 395264K
  class space    used 961K, capacity 1049K, committed 1152K, reserved 385024K
}
Event: 5.652 GC heap before
{Heap before GC invocations=1 (full 0):
 garbage-first heap   total 262144K, used 121281K [0x00000000e0000000, 0x0000000100000000)
  region size 1024K, 112 young (114688K), 3 survivors (3072K)
 Metaspace       used 20681K, capacity 21167K, committed 21296K, reserved 405504K
  class space    used 2492K, capacity 2665K, committed 2688K, reserved 385024K
}
Event: 5.659 GC heap after
{Heap after GC invocations=2 (full 0):
 garbage-first heap   total 262144K, used 18486K [0x00000000e0000000, 0x0000000100000000)
  region size 1024K, 11 young (11264K), 11 survivors (11264K)
 Metaspace       used 20681K, capacity 21167K, committed 21296K, reserved 405504K
  class space    used 2492K, capacity 2665K, committed 2688K, reserved 385024K
}
Event: 6.341 GC heap before
{Heap before GC invocations=3 (full 0):
 garbage-first heap   total 262144K, used 105526K [0x00000000e0000000, 0x0000000100000000)
  region size 1024K, 96 young (98304K), 11 survivors (11264K)
 Metaspace       used 27987K, capacity 28676K, committed 28720K, reserved 411648K
  class space    used 3686K, capacity 3967K, committed 3968K, reserved 385024K
}
Event: 6.349 GC heap after
{Heap after GC invocations=4 (full 0):
 garbage-first heap   total 262144K, used 22109K [0x00000000e0000000, 0x0000000100000000)
  region size 1024K, 4 young (4096K), 4 survivors (4096K)
 Metaspace       used 27987K, capacity 28676K, committed 28720K, reserved 411648K
  class space    used 3686K, capacity 3967K, committed 3968K, reserved 385024K
}
Event: 6.917 GC heap before
{Heap before GC invocations=4 (full 0):
 garbage-first heap   total 262144K, used 93789K [0x00000000e0000000, 0x0000000100000000)
  region size 1024K, 75 young (76800K), 4 survivors (4096K)
 Metaspace       used 34952K, capacity 35819K, committed 35888K, reserved 417792K
  class space    used 4642K, capacity 4970K, committed 4992K, reserved 385024K
}
Event: 6.922 GC heap after
{Heap after GC invocations=5 (full 0):
 garbage-first heap   total 262144K, used 24445K [0x00000000e0000000, 0x0000000100000000)
  region size 1024K, 6 young (6144K), 6 survivors (6144K)
 Metaspace       used 34952K, capacity 35819K, committed 35888K, reserved 417792K
  class space    used 4642K, capacity 4970K, committed 4992K, reserved 385024K
}
Event: 8.025 GC heap before
{Heap before GC invocations=6 (full 0):
 garbage-first heap   total 262144K, used 160637K [0x00000000e0000000, 0x0000000100000000)
  region size 1024K, 133 young (136192K), 6 survivors (6144K)
 Metaspace       used 47459K, capacity 48722K, committed 48924K, reserved 428032K
  class space    used 6158K, capacity 6675K, committed 6764K, reserved 385024K
}
Event: 8.036 GC heap after
{Heap after GC invocations=7 (full 0):
 garbage-first heap   total 262144K, used 31975K [0x00000000e0000000, 0x0000000100000000)
  region size 1024K, 14 young (14336K), 14 survivors (14336K)
 Metaspace       used 47459K, capacity 48722K, committed 48924K, reserved 428032K
  class space    used 6158K, capacity 6675K, committed 6764K, reserved 385024K
}

