# JRE version: OpenJDK Runtime Environment Corretto-11.0.22.7.1 (11.0.22+7) (build 11.0.22+7-LTS)
# Java VM: OpenJDK 64-Bit Server VM Corretto-11.0.22.7.1 (11.0.22+7-LTS, mixed mode, tiered, compressed oops, g1 gc, windows-amd64)
Heap:
 garbage-first heap   total 262144K, used 171388K [0x00000000e0000000, 0x0000000100000000)
  region size 1024K, 117 young (119808K), 13 survivors (13312K)
 Metaspace       used 72934K, capacity 75670K, committed 75732K, reserved 450560K
  class space    used 9461K, capacity 10513K, committed 10572K, reserved 385024K
GC Heap History (20 events):
Event: 13.030 GC heap before
{Heap before GC invocations=5 (full 0):
 garbage-first heap   total 262144K, used 28408K [0x00000000e0000000, 0x0000000100000000)
  region size 1024K, 11 young (11264K), 5 survivors (5120K)
 Metaspace       used 35052K, capacity 35974K, committed 36044K, reserved 417792K
  class space    used 4647K, capacity 5012K, committed 5068K, reserved 385024K
}
Event: 13.035 GC heap after
{Heap after GC invocations=6 (full 0):
 garbage-first heap   total 262144K, used 23766K [0x00000000e0000000, 0x0000000100000000)
  region size 1024K, 6 young (6144K), 6 survivors (6144K)
 Metaspace       used 35052K, capacity 35974K, committed 36044K, reserved 417792K
  class space    used 4647K, capacity 5012K, committed 5068K, reserved 385024K
}
Event: 14.847 GC heap before
{Heap before GC invocations=7 (full 0):
 garbage-first heap   total 262144K, used 142550K [0x00000000e0000000, 0x0000000100000000)
  region size 1024K, 116 young (118784K), 6 survivors (6144K)
 Metaspace       used 47098K, capacity 48242K, committed 48460K, reserved 428032K
  class space    used 5959K, capacity 6407K, committed 6476K, reserved 385024K
}
Event: 14.858 GC heap after
{Heap after GC invocations=8 (full 0):
 garbage-first heap   total 262144K, used 31221K [0x00000000e0000000, 0x0000000100000000)
  region size 1024K, 13 young (13312K), 13 survivors (13312K)
 Metaspace       used 47098K, capacity 48242K, committed 48460K, reserved 428032K
  class space    used 5959K, capacity 6407K, committed 6476K, reserved 385024K
}
Event: 16.740 GC heap before
{Heap before GC invocations=8 (full 0):
 garbage-first heap   total 262144K, used 157173K [0x00000000e0000000, 0x0000000100000000)
  region size 1024K, 136 young (139264K), 13 survivors (13312K)
 Metaspace       used 55863K, capacity 57492K, committed 57676K, reserved 436224K
  class space    used 7321K, capacity 7996K, committed 8012K, reserved 385024K
}
Event: 16.754 GC heap after
{Heap after GC invocations=9 (full 0):
 garbage-first heap   total 262144K, used 36893K [0x00000000e0000000, 0x0000000100000000)
  region size 1024K, 14 young (14336K), 14 survivors (14336K)
 Metaspace       used 55863K, capacity 57492K, committed 57676K, reserved 436224K
  class space    used 7321K, capacity 7996K, committed 8012K, reserved 385024K
}
Event: 17.373 GC heap before
{Heap before GC invocations=9 (full 0):
 garbage-first heap   total 262144K, used 102429K [0x00000000e0000000, 0x0000000100000000)
  region size 1024K, 79 young (80896K), 14 survivors (14336K)
 Metaspace       used 58332K, capacity 60371K, committed 60500K, reserved 438272K
  class space    used 7738K, capacity 8566K, committed 8652K, reserved 385024K
}
Event: 17.400 GC heap after
{Heap after GC invocations=10 (full 0):
 garbage-first heap   total 262144K, used 41996K [0x00000000e0000000, 0x0000000100000000)
  region size 1024K, 12 young (12288K), 12 survivors (12288K)
 Metaspace       used 58332K, capacity 60371K, committed 60500K, reserved 438272K
  class space    used 7738K, capacity 8566K, committed 8652K, reserved 385024K
}
Event: 20.130 GC heap before
{Heap before GC invocations=11 (full 0):
 garbage-first heap   total 262144K, used 179212K [0x00000000e0000000, 0x0000000100000000)
  region size 1024K, 147 young (150528K), 12 survivors (12288K)
 Metaspace       used 69513K, capacity 72118K, committed 72276K, reserved 448512K
  class space    used 9078K, capacity 10087K, committed 10188K, reserved 385024K
}
Event: 20.148 GC heap after
{Heap after GC invocations=12 (full 0):
 garbage-first heap   total 262144K, used 53519K [0x00000000e0000000, 0x0000000100000000)
  region size 1024K, 17 young (17408K), 17 survivors (17408K)
 Metaspace       used 69513K, capacity 72118K, committed 72276K, reserved 448512K
  class space    used 9078K, capacity 10087K, committed 10188K, reserved 385024K
}
Event: 21.303 GC heap before
{Heap before GC invocations=12 (full 0):
 garbage-first heap   total 262144K, used 184591K [0x00000000e0000000, 0x0000000100000000)
  region size 1024K, 146 young (149504K), 17 survivors (17408K)
 Metaspace       used 72154K, capacity 74760K, committed 74836K, reserved 450560K
  class space    used 9343K, capacity 10397K, committed 10444K, reserved 385024K
}
Event: 21.319 GC heap after
{Heap after GC invocations=13 (full 0):
 garbage-first heap   total 262144K, used 57408K [0x00000000e0000000, 0x0000000100000000)
  region size 1024K, 10 young (10240K), 10 survivors (10240K)
 Metaspace       used 72154K, capacity 74760K, committed 74836K, reserved 450560K
  class space    used 9343K, capacity 10397K, committed 10444K, reserved 385024K
}
Event: 21.967 GC heap before
{Heap before GC invocations=13 (full 0):
 garbage-first heap   total 262144K, used 189504K [0x00000000e0000000, 0x0000000100000000)
  region size 1024K, 140 young (143360K), 10 survivors (10240K)
 Metaspace       used 72165K, capacity 74760K, committed 74836K, reserved 450560K
  class space    used 9343K, capacity 10397K, committed 10444K, reserved 385024K
}
Event: 21.974 GC heap after
{Heap after GC invocations=14 (full 0):
 garbage-first heap   total 262144K, used 58577K [0x00000000e0000000, 0x0000000100000000)
  region size 1024K, 11 young (11264K), 11 survivors (11264K)
 Metaspace       used 72165K, capacity 74760K, committed 74836K, reserved 450560K
  class space    used 9343K, capacity 10397K, committed 10444K, reserved 385024K
}
Event: 23.080 GC heap before
{Heap before GC invocations=14 (full 0):
 garbage-first heap   total 262144K, used 197841K [0x00000000e0000000, 0x0000000100000000)
  region size 1024K, 148 young (151552K), 11 survivors (11264K)
 Metaspace       used 72171K, capacity 74760K, committed 74836K, reserved 450560K
  class space    used 9343K, capacity 10397K, committed 10444K, reserved 385024K
}
Event: 23.088 GC heap after
{Heap after GC invocations=15 (full 0):
 garbage-first heap   total 262144K, used 60822K [0x00000000e0000000, 0x0000000100000000)
  region size 1024K, 7 young (7168K), 7 survivors (7168K)
 Metaspace       used 72171K, capacity 74760K, committed 74836K, reserved 450560K
  class space    used 9343K, capacity 10397K, committed 10444K, reserved 385024K
}
Event: 23.740 GC heap before
{Heap before GC invocations=15 (full 0):
 garbage-first heap   total 262144K, used 204182K [0x00000000e0000000, 0x0000000100000000)
  region size 1024K, 148 young (151552K), 7 survivors (7168K)
 Metaspace       used 72195K, capacity 74768K, committed 74836K, reserved 450560K
  class space    used 9344K, capacity 10398K, committed 10444K, reserved 385024K
}
Event: 23.748 GC heap after
{Heap after GC invocations=16 (full 0):
 garbage-first heap   total 262144K, used 64832K [0x00000000e0000000, 0x0000000100000000)
  region size 1024K, 11 young (11264K), 11 survivors (11264K)
 Metaspace       used 72195K, capacity 74768K, committed 74836K, reserved 450560K
  class space    used 9344K, capacity 10398K, committed 10444K, reserved 385024K
}
Event: 24.349 GC heap before
{Heap before GC invocations=16 (full 0):
 garbage-first heap   total 262144K, used 206144K [0x00000000e0000000, 0x0000000100000000)
  region size 1024K, 150 young (153600K), 11 survivors (11264K)
 Metaspace       used 72204K, capacity 74832K, committed 75092K, reserved 450560K
  class space    used 9345K, capacity 10398K, committed 10444K, reserved 385024K
}
Event: 24.358 GC heap after
{Heap after GC invocations=17 (full 0):
 garbage-first heap   total 262144K, used 66940K [0x00000000e0000000, 0x0000000100000000)
  region size 1024K, 13 young (13312K), 13 survivors (13312K)
 Metaspace       used 72204K, capacity 74832K, committed 75092K, reserved 450560K
  class space    used 9345K, capacity 10398K, committed 10444K, reserved 385024K
}

